0 info it worked if it ends with ok
1 verbose cli [ 'C:\\Program Files (x86)\\nodejs\\node.exe',
1 verbose cli   'C:\\Users\\skumar\\AppData\\Roaming\\npm\\node_modules\\npm\\bin\\npm-cli.js',
1 verbose cli   'install',
1 verbose cli   'http-server' ]
2 info using npm@2.8.3
3 info using node@v4.2.3
4 verbose install initial load of D:\GlobantInnovationChallenge\package.json
5 warn package.json chipco@1.1.1 No repository field.
6 warn package.json chipco@1.1.1 No README data
7 verbose readDependencies loading dependencies from D:\GlobantInnovationChallenge\package.json
8 silly cache add args [ 'http-server', null ]
9 verbose cache add spec http-server
10 silly cache add parsed spec Result {
10 silly cache add   raw: 'http-server',
10 silly cache add   scope: null,
10 silly cache add   name: 'http-server',
10 silly cache add   rawSpec: '',
10 silly cache add   spec: '*',
10 silly cache add   type: 'range' }
11 silly addNamed http-server@*
12 verbose addNamed "*" is a valid semver range for http-server
13 silly addNameRange { name: 'http-server', range: '*', hasData: false }
14 silly mapToRegistry name http-server
15 silly mapToRegistry using default registry
16 silly mapToRegistry registry http://registry.npmjs.org/
17 silly mapToRegistry uri http://registry.npmjs.org/http-server
18 verbose addNameRange registry:http://registry.npmjs.org/http-server not in flight; fetching
19 verbose request uri http://registry.npmjs.org/http-server
20 verbose request no auth needed
21 info attempt registry request try #1 at 6:53:43 PM
22 verbose request id 8a4774262516b323
23 verbose etag "4UFV6BQHYR8711KXSS8JM6UOJ"
24 http request GET http://registry.npmjs.org/http-server
25 http 403 http://registry.npmjs.org/http-server
26 verbose bad json <!DOCTYPE HTML PUBLIC "-//W3C//DTD HTML 4.01 Transitional//EN" "http://www.w3.org/TR/html4/loose.dtd">
26 verbose bad json <HTML><HEAD><META HTTP-EQUIV="Content-Type" CONTENT="text/html; charset=iso-8859-1">
26 verbose bad json <TITLE>ERROR: El URL solicitado no se ha podido conseguir</TITLE>
26 verbose bad json <STYLE type="text/css"><!--BODY{background-color:#ffffff;font-family:verdana,sans-serif}PRE{font-family:sans-serif}--></STYLE>
26 verbose bad json </HEAD><BODY>
26 verbose bad json <H1>ERROR</H1>
26 verbose bad json <H2>El URL solicitado no se ha podido conseguir</H2>
26 verbose bad json <HR noshade size="1px">
26 verbose bad json <P>
26 verbose bad json Mientras se intentaba traer el URL:
26 verbose bad json <A HREF="http://registry.npmjs.org/http-server">http://registry.npmjs.org/http-server</A>
26 verbose bad json <P>
26 verbose bad json Ha ocurrido el siguiente problema:
26 verbose bad json <UL>
26 verbose bad json <LI>
26 verbose bad json <STRONG>
26 verbose bad json Acceso Denegado.
26 verbose bad json </STRONG>
26 verbose bad json <P>
26 verbose bad json Las reglas de control de acceso impiden que su petici&oacute;n sea
26 verbose bad json permitida en este momento. Contacte con su proveedor de servicios
26 verbose bad json si cree que esto es incorrecto.
26 verbose bad json </P>
26 verbose bad json </UL>
26 verbose bad json
26 verbose bad json <BR clear="all">
26 verbose bad json <HR noshade size="1px">
26 verbose bad json <ADDRESS>
26 verbose bad json Generated Fri, 22 Apr 2016 13:23:44 GMT by iproxyeeuu.pxu01mia.corp.globant.com (squid/2.6.STABLE21)
26 verbose bad json </ADDRESS>
26 verbose bad json </BODY></HTML>
27 error registry error parsing json
28 verbose headers { server: 'squid/2.6.STABLE21',
28 verbose headers   date: 'Fri, 22 Apr 2016 13:23:44 GMT',
28 verbose headers   'content-type': 'text/html',
28 verbose headers   'content-length': '1061',
28 verbose headers   expires: 'Fri, 22 Apr 2016 13:23:44 GMT',
28 verbose headers   'x-squid-error': 'ERR_ACCESS_DENIED 0',
28 verbose headers   'x-cache': 'MISS from iproxyeeuu.pxu01mia.corp.globant.com',
28 verbose headers   'x-cache-lookup': 'NONE from iproxyeeuu.pxu01mia.corp.globant.com:3128',
28 verbose headers   via: '1.0 iproxyeeuu.pxu01mia.corp.globant.com:3128 (squid/2.6.STABLE21)',
28 verbose headers   'proxy-connection': 'close' }
29 silly get cb [ 304, undefined ]
30 verbose etag http://registry.npmjs.org/http-server from cache
31 verbose get saving http-server to C:\Users\skumar\AppData\Roaming\npm-cache\registry.npmjs.org\http-server\.cache.json
32 silly addNameRange number 2 { name: 'http-server', range: '*', hasData: true }
33 silly addNameRange versions [ 'http-server',
33 silly addNameRange   [ '0.1.0',
33 silly addNameRange     '0.1.1',
33 silly addNameRange     '0.1.3',
33 silly addNameRange     '0.2.1',
33 silly addNameRange     '0.2.2',
33 silly addNameRange     '0.2.3',
33 silly addNameRange     '0.2.4',
33 silly addNameRange     '0.2.5',
33 silly addNameRange     '0.2.6',
33 silly addNameRange     '0.2.9',
33 silly addNameRange     '0.3.0',
33 silly addNameRange     '0.4.0',
33 silly addNameRange     '0.4.1',
33 silly addNameRange     '0.5.0',
33 silly addNameRange     '0.5.1',
33 silly addNameRange     '0.5.2',
33 silly addNameRange     '0.5.3',
33 silly addNameRange     '0.5.5',
33 silly addNameRange     '0.6.0',
33 silly addNameRange     '0.6.1',
33 silly addNameRange     '0.7.0',
33 silly addNameRange     '0.7.1',
33 silly addNameRange     '0.7.2',
33 silly addNameRange     '0.7.3',
33 silly addNameRange     '0.7.4',
33 silly addNameRange     '0.7.5',
33 silly addNameRange     '0.8.0',
33 silly addNameRange     '0.8.1',
33 silly addNameRange     '0.8.2',
33 silly addNameRange     '0.8.3',
33 silly addNameRange     '0.8.4',
33 silly addNameRange     '0.8.5',
33 silly addNameRange     '0.9.0' ] ]
34 silly addNamed http-server@0.9.0
35 verbose addNamed "0.9.0" is a plain semver version for http-server
36 silly mapToRegistry name http-server
37 silly mapToRegistry using default registry
38 silly mapToRegistry registry http://registry.npmjs.org/
39 silly mapToRegistry uri http://registry.npmjs.org/http-server
40 verbose addRemoteTarball http://registry.npmjs.org/http-server/-/http-server-0.9.0.tgz not in flight; adding
41 verbose addRemoteTarball [ 'http://registry.npmjs.org/http-server/-/http-server-0.9.0.tgz',
41 verbose addRemoteTarball   '8f1b06bdc733618d4dc42831c7ba1aff4e06001a' ]
42 info retry fetch attempt 1 at 6:53:45 PM
43 info attempt registry request try #1 at 6:53:45 PM
44 http fetch GET http://registry.npmjs.org/http-server/-/http-server-0.9.0.tgz
45 http fetch 403 http://registry.npmjs.org/http-server/-/http-server-0.9.0.tgz
46 error fetch failed http://registry.npmjs.org/http-server/-/http-server-0.9.0.tgz
47 warn retry will retry, error on last attempt: Error: fetch failed with status code 403
48 info retry fetch attempt 2 at 6:53:58 PM
49 info attempt registry request try #1 at 6:53:58 PM
50 http fetch GET http://registry.npmjs.org/http-server/-/http-server-0.9.0.tgz
51 http fetch 403 http://registry.npmjs.org/http-server/-/http-server-0.9.0.tgz
52 error fetch failed http://registry.npmjs.org/http-server/-/http-server-0.9.0.tgz
53 warn retry will retry, error on last attempt: Error: fetch failed with status code 403
54 info retry fetch attempt 3 at 6:54:59 PM
55 info attempt registry request try #1 at 6:54:59 PM
56 http fetch GET http://registry.npmjs.org/http-server/-/http-server-0.9.0.tgz
57 http fetch 403 http://registry.npmjs.org/http-server/-/http-server-0.9.0.tgz
58 error fetch failed http://registry.npmjs.org/http-server/-/http-server-0.9.0.tgz
59 verbose stack Error: fetch failed with status code 403
59 verbose stack     at Request.<anonymous> (C:\Users\skumar\AppData\Roaming\npm\node_modules\npm\node_modules\npm-registry-client\lib\fetch.js:51:14)
59 verbose stack     at emitOne (events.js:77:13)
59 verbose stack     at Request.emit (events.js:169:7)
59 verbose stack     at Request.onRequestResponse (C:\Users\skumar\AppData\Roaming\npm\node_modules\npm\node_modules\request\request.js:1156:10)
59 verbose stack     at emitOne (events.js:77:13)
59 verbose stack     at ClientRequest.emit (events.js:169:7)
59 verbose stack     at HTTPParser.parserOnIncomingClient [as onIncoming] (_http_client.js:415:21)
59 verbose stack     at HTTPParser.parserOnHeadersComplete (_http_common.js:88:23)
59 verbose stack     at Socket.socketOnData (_http_client.js:305:20)
59 verbose stack     at emitOne (events.js:77:13)
60 verbose cwd D:\GlobantInnovationChallenge\www
61 error Windows_NT 6.1.7601
62 error argv "C:\\Program Files (x86)\\nodejs\\node.exe" "C:\\Users\\skumar\\AppData\\Roaming\\npm\\node_modules\\npm\\bin\\npm-cli.js" "install" "http-server"
63 error node v4.2.3
64 error npm  v2.8.3
65 error fetch failed with status code 403
66 error If you need help, you may report this error at:
66 error     <https://github.com/npm/npm/issues>
67 verbose exit [ 1, true ]
